<?xml version="1.0" encoding="UTF-8"?>
<coverage generated="1710900748334" clover="3.2.0">
  <project timestamp="1710900748334" name="All files">
    <metrics statements="262" coveredstatements="198" conditionals="50" coveredconditionals="34" methods="44" coveredmethods="30" elements="356" coveredelements="262" complexity="0" loc="262" ncloc="262" packages="7" files="18" classes="18"/>
    <package name="server">
      <metrics statements="14" coveredstatements="14" conditionals="2" coveredconditionals="1" methods="0" coveredmethods="0"/>
      <file name="app.js" path="C:\PHASE3\FINAL_PROJECT\server\app.js">
        <metrics statements="14" coveredstatements="14" conditionals="2" coveredconditionals="1" methods="0" coveredmethods="0"/>
        <line num="1" count="3" type="cond" truecount="1" falsecount="1"/>
        <line num="2" count="3" type="stmt"/>
        <line num="5" count="3" type="stmt"/>
        <line num="6" count="3" type="stmt"/>
        <line num="7" count="3" type="stmt"/>
        <line num="8" count="3" type="stmt"/>
        <line num="9" count="3" type="stmt"/>
        <line num="10" count="3" type="stmt"/>
        <line num="13" count="3" type="stmt"/>
        <line num="16" count="3" type="stmt"/>
        <line num="19" count="3" type="stmt"/>
        <line num="22" count="3" type="stmt"/>
        <line num="25" count="3" type="stmt"/>
        <line num="27" count="3" type="stmt"/>
      </file>
    </package>
    <package name="server.config">
      <metrics statements="7" coveredstatements="6" conditionals="2" coveredconditionals="1" methods="0" coveredmethods="0"/>
      <file name="db_config.js" path="C:\PHASE3\FINAL_PROJECT\server\config\db_config.js">
        <metrics statements="7" coveredstatements="6" conditionals="2" coveredconditionals="1" methods="0" coveredmethods="0"/>
        <line num="1" count="3" type="stmt"/>
        <line num="2" count="3" type="stmt"/>
        <line num="4" count="3" type="cond" truecount="1" falsecount="1"/>
        <line num="5" count="0" type="stmt"/>
        <line num="9" count="3" type="stmt"/>
        <line num="17" count="3" type="stmt"/>
        <line num="19" count="3" type="stmt"/>
      </file>
    </package>
    <package name="server.controllers">
      <metrics statements="123" coveredstatements="80" conditionals="40" coveredconditionals="28" methods="13" coveredmethods="10"/>
      <file name="appointment.js" path="C:\PHASE3\FINAL_PROJECT\server\controllers\appointment.js">
        <metrics statements="47" coveredstatements="29" conditionals="7" coveredconditionals="6" methods="5" coveredmethods="4"/>
        <line num="1" count="3" type="stmt"/>
        <line num="2" count="3" type="stmt"/>
        <line num="6" count="1" type="stmt"/>
        <line num="7" count="1" type="stmt"/>
        <line num="9" count="1" type="stmt"/>
        <line num="11" count="0" type="stmt"/>
        <line num="12" count="0" type="stmt"/>
        <line num="17" count="2" type="stmt"/>
        <line num="18" count="2" type="stmt"/>
        <line num="20" count="2" type="stmt"/>
        <line num="22" count="2" type="cond" truecount="1" falsecount="1"/>
        <line num="23" count="2" type="stmt"/>
        <line num="30" count="0" type="stmt"/>
        <line num="32" count="2" type="stmt"/>
        <line num="33" count="2" type="stmt"/>
        <line num="38" count="0" type="stmt"/>
        <line num="39" count="0" type="stmt"/>
        <line num="41" count="0" type="stmt"/>
        <line num="43" count="0" type="stmt"/>
        <line num="49" count="0" type="stmt"/>
        <line num="51" count="0" type="stmt"/>
        <line num="53" count="0" type="stmt"/>
        <line num="67" count="0" type="stmt"/>
        <line num="68" count="0" type="stmt"/>
        <line num="69" count="0" type="stmt"/>
        <line num="70" count="0" type="stmt"/>
        <line num="72" count="0" type="stmt"/>
        <line num="81" count="0" type="stmt"/>
        <line num="83" count="0" type="stmt"/>
        <line num="84" count="0" type="stmt"/>
        <line num="89" count="4" type="stmt"/>
        <line num="90" count="4" type="stmt"/>
        <line num="92" count="4" type="cond" truecount="5" falsecount="0"/>
        <line num="93" count="3" type="stmt"/>
        <line num="100" count="1" type="stmt"/>
        <line num="101" count="1" type="stmt"/>
        <line num="103" count="1" type="stmt"/>
        <line num="105" count="3" type="stmt"/>
        <line num="106" count="3" type="stmt"/>
        <line num="111" count="4" type="stmt"/>
        <line num="112" count="4" type="stmt"/>
        <line num="123" count="4" type="stmt"/>
        <line num="124" count="3" type="stmt"/>
        <line num="126" count="3" type="stmt"/>
        <line num="128" count="1" type="stmt"/>
        <line num="129" count="1" type="stmt"/>
        <line num="136" count="3" type="stmt"/>
      </file>
      <file name="doctor.js" path="C:\PHASE3\FINAL_PROJECT\server\controllers\doctor.js">
        <metrics statements="15" coveredstatements="13" conditionals="2" coveredconditionals="2" methods="2" coveredmethods="2"/>
        <line num="1" count="3" type="stmt"/>
        <line num="5" count="1" type="stmt"/>
        <line num="6" count="1" type="stmt"/>
        <line num="8" count="1" type="stmt"/>
        <line num="11" count="0" type="stmt"/>
        <line num="12" count="0" type="stmt"/>
        <line num="17" count="2" type="stmt"/>
        <line num="18" count="2" type="stmt"/>
        <line num="20" count="2" type="stmt"/>
        <line num="22" count="2" type="cond" truecount="2" falsecount="0"/>
        <line num="23" count="1" type="stmt"/>
        <line num="26" count="1" type="stmt"/>
        <line num="28" count="1" type="stmt"/>
        <line num="29" count="1" type="stmt"/>
        <line num="34" count="3" type="stmt"/>
      </file>
      <file name="medical_records.js" path="C:\PHASE3\FINAL_PROJECT\server\controllers\medical_records.js">
        <metrics statements="19" coveredstatements="2" conditionals="9" coveredconditionals="0" methods="2" coveredmethods="0"/>
        <line num="1" count="3" type="stmt"/>
        <line num="5" count="0" type="stmt"/>
        <line num="6" count="0" type="stmt"/>
        <line num="8" count="0" type="stmt"/>
        <line num="10" count="0" type="cond" truecount="0" falsecount="2"/>
        <line num="11" count="0" type="stmt"/>
        <line num="18" count="0" type="stmt"/>
        <line num="20" count="0" type="stmt"/>
        <line num="21" count="0" type="stmt"/>
        <line num="26" count="0" type="stmt"/>
        <line num="27" count="0" type="stmt"/>
        <line num="29" count="0" type="cond" truecount="0" falsecount="7"/>
        <line num="30" count="0" type="stmt"/>
        <line num="37" count="0" type="stmt"/>
        <line num="38" count="0" type="stmt"/>
        <line num="40" count="0" type="stmt"/>
        <line num="42" count="0" type="stmt"/>
        <line num="43" count="0" type="stmt"/>
        <line num="48" count="3" type="stmt"/>
      </file>
      <file name="patient.js" path="C:\PHASE3\FINAL_PROJECT\server\controllers\patient.js">
        <metrics statements="42" coveredstatements="36" conditionals="22" coveredconditionals="20" methods="4" coveredmethods="4"/>
        <line num="1" count="3" type="stmt"/>
        <line num="2" count="3" type="stmt"/>
        <line num="3" count="3" type="stmt"/>
        <line num="4" count="3" type="stmt"/>
        <line num="5" count="3" type="stmt"/>
        <line num="9" count="12" type="stmt"/>
        <line num="10" count="12" type="stmt"/>
        <line num="12" count="12" type="cond" truecount="10" falsecount="0"/>
        <line num="13" count="10" type="stmt"/>
        <line num="20" count="2" type="stmt"/>
        <line num="22" count="2" type="cond" truecount="1" falsecount="1"/>
        <line num="23" count="2" type="stmt"/>
        <line num="30" count="0" type="stmt"/>
        <line num="31" count="0" type="stmt"/>
        <line num="33" count="0" type="stmt"/>
        <line num="36" count="12" type="stmt"/>
        <line num="37" count="12" type="stmt"/>
        <line num="42" count="5" type="stmt"/>
        <line num="43" count="5" type="stmt"/>
        <line num="45" count="5" type="cond" truecount="4" falsecount="0"/>
        <line num="46" count="2" type="stmt"/>
        <line num="53" count="3" type="stmt"/>
        <line num="55" count="3" type="cond" truecount="4" falsecount="0"/>
        <line num="56" count="2" type="stmt"/>
        <line num="63" count="1" type="stmt"/>
        <line num="69" count="1" type="stmt"/>
        <line num="71" count="4" type="stmt"/>
        <line num="72" count="4" type="stmt"/>
        <line num="77" count="1" type="stmt"/>
        <line num="78" count="1" type="stmt"/>
        <line num="80" count="1" type="stmt"/>
        <line num="83" count="0" type="stmt"/>
        <line num="84" count="0" type="stmt"/>
        <line num="89" count="2" type="stmt"/>
        <line num="90" count="2" type="stmt"/>
        <line num="91" count="2" type="stmt"/>
        <line num="93" count="1" type="cond" truecount="1" falsecount="1"/>
        <line num="94" count="0" type="stmt"/>
        <line num="97" count="1" type="stmt"/>
        <line num="100" count="1" type="stmt"/>
        <line num="101" count="1" type="stmt"/>
        <line num="106" count="3" type="stmt"/>
      </file>
    </package>
    <package name="server.helpers">
      <metrics statements="13" coveredstatements="12" conditionals="0" coveredconditionals="0" methods="4" coveredmethods="3"/>
      <file name="bcrypt.js" path="C:\PHASE3\FINAL_PROJECT\server\helpers\bcrypt.js">
        <metrics statements="6" coveredstatements="6" conditionals="0" coveredconditionals="0" methods="2" coveredmethods="2"/>
        <line num="1" count="3" type="stmt"/>
        <line num="3" count="3" type="stmt"/>
        <line num="4" count="2" type="stmt"/>
        <line num="7" count="3" type="stmt"/>
        <line num="8" count="2" type="stmt"/>
        <line num="11" count="3" type="stmt"/>
      </file>
      <file name="jwt.js" path="C:\PHASE3\FINAL_PROJECT\server\helpers\jwt.js">
        <metrics statements="7" coveredstatements="6" conditionals="0" coveredconditionals="0" methods="2" coveredmethods="1"/>
        <line num="1" count="3" type="stmt"/>
        <line num="2" count="3" type="stmt"/>
        <line num="4" count="3" type="stmt"/>
        <line num="5" count="2" type="stmt"/>
        <line num="8" count="3" type="stmt"/>
        <line num="9" count="0" type="stmt"/>
        <line num="12" count="3" type="stmt"/>
      </file>
    </package>
    <package name="server.middlewares">
      <metrics statements="6" coveredstatements="6" conditionals="6" coveredconditionals="4" methods="1" coveredmethods="1"/>
      <file name="errorHandler.js" path="C:\PHASE3\FINAL_PROJECT\server\middlewares\errorHandler.js">
        <metrics statements="6" coveredstatements="6" conditionals="6" coveredconditionals="4" methods="1" coveredmethods="1"/>
        <line num="2" count="3" type="stmt"/>
        <line num="3" count="24" type="cond" truecount="2" falsecount="0"/>
        <line num="4" count="24" type="cond" truecount="1" falsecount="1"/>
        <line num="5" count="24" type="cond" truecount="1" falsecount="1"/>
        <line num="13" count="24" type="stmt"/>
        <line num="20" count="3" type="stmt"/>
      </file>
    </package>
    <package name="server.models">
      <metrics statements="44" coveredstatements="37" conditionals="0" coveredconditionals="0" methods="20" coveredmethods="16"/>
      <file name="appointment.js" path="C:\PHASE3\FINAL_PROJECT\server\models\appointment.js">
        <metrics statements="12" coveredstatements="11" conditionals="0" coveredconditionals="0" methods="6" coveredmethods="6"/>
        <line num="1" count="3" type="stmt"/>
        <line num="2" count="3" type="stmt"/>
        <line num="6" count="10" type="stmt"/>
        <line num="10" count="2" type="stmt"/>
        <line num="18" count="1" type="stmt"/>
        <line num="19" count="1" type="stmt"/>
        <line num="20" count="1" type="stmt"/>
        <line num="22" count="0" type="stmt"/>
        <line num="29" count="4" type="stmt"/>
        <line num="41" count="1" type="stmt"/>
        <line num="45" count="2" type="stmt"/>
        <line num="51" count="3" type="stmt"/>
      </file>
      <file name="doctor.js" path="C:\PHASE3\FINAL_PROJECT\server\models\doctor.js">
        <metrics statements="11" coveredstatements="9" conditionals="0" coveredconditionals="0" methods="5" coveredmethods="4"/>
        <line num="1" count="3" type="stmt"/>
        <line num="2" count="3" type="stmt"/>
        <line num="6" count="4" type="stmt"/>
        <line num="12" count="0" type="stmt"/>
        <line num="18" count="1" type="stmt"/>
        <line num="19" count="1" type="stmt"/>
        <line num="20" count="1" type="stmt"/>
        <line num="22" count="0" type="stmt"/>
        <line num="29" count="1" type="stmt"/>
        <line num="33" count="2" type="stmt"/>
        <line num="39" count="3" type="stmt"/>
      </file>
      <file name="medical_record.js" path="C:\PHASE3\FINAL_PROJECT\server\models\medical_record.js">
        <metrics statements="7" coveredstatements="4" conditionals="0" coveredconditionals="0" methods="3" coveredmethods="0"/>
        <line num="1" count="3" type="stmt"/>
        <line num="2" count="3" type="stmt"/>
        <line num="3" count="3" type="stmt"/>
        <line num="7" count="0" type="stmt"/>
        <line num="11" count="0" type="stmt"/>
        <line num="17" count="0" type="stmt"/>
        <line num="23" count="3" type="stmt"/>
      </file>
      <file name="patient.js" path="C:\PHASE3\FINAL_PROJECT\server\models\patient.js">
        <metrics statements="14" coveredstatements="13" conditionals="0" coveredconditionals="0" methods="6" coveredmethods="6"/>
        <line num="1" count="3" type="stmt"/>
        <line num="2" count="3" type="stmt"/>
        <line num="3" count="3" type="stmt"/>
        <line num="7" count="10" type="stmt"/>
        <line num="11" count="1" type="stmt"/>
        <line num="13" count="1" type="stmt"/>
        <line num="20" count="1" type="stmt"/>
        <line num="21" count="1" type="stmt"/>
        <line num="22" count="1" type="stmt"/>
        <line num="24" count="0" type="stmt"/>
        <line num="31" count="1" type="stmt"/>
        <line num="35" count="5" type="stmt"/>
        <line num="41" count="2" type="stmt"/>
        <line num="47" count="3" type="stmt"/>
      </file>
    </package>
    <package name="server.routes">
      <metrics statements="55" coveredstatements="43" conditionals="0" coveredconditionals="0" methods="6" coveredmethods="0"/>
      <file name="appointment.js" path="C:\PHASE3\FINAL_PROJECT\server\routes\appointment.js">
        <metrics statements="22" coveredstatements="11" conditionals="0" coveredconditionals="0" methods="5" coveredmethods="0"/>
        <line num="2" count="3" type="stmt"/>
        <line num="3" count="3" type="stmt"/>
        <line num="4" count="3" type="stmt"/>
        <line num="7" count="3" type="stmt"/>
        <line num="10" count="3" type="stmt"/>
        <line num="12" count="3" type="stmt"/>
        <line num="14" count="3" type="stmt"/>
        <line num="15" count="0" type="stmt"/>
        <line num="17" count="0" type="stmt"/>
        <line num="20" count="3" type="stmt"/>
        <line num="21" count="0" type="stmt"/>
        <line num="22" count="0" type="stmt"/>
        <line num="23" count="0" type="stmt"/>
        <line num="24" count="0" type="stmt"/>
        <line num="45" count="0" type="stmt"/>
        <line num="46" count="0" type="stmt"/>
        <line num="47" count="0" type="stmt"/>
        <line num="49" count="0" type="stmt"/>
        <line num="50" count="0" type="stmt"/>
        <line num="55" count="3" type="stmt"/>
        <line num="58" count="3" type="stmt"/>
        <line num="60" count="3" type="stmt"/>
      </file>
      <file name="doctor.js" path="C:\PHASE3\FINAL_PROJECT\server\routes\doctor.js">
        <metrics statements="6" coveredstatements="6" conditionals="0" coveredconditionals="0" methods="0" coveredmethods="0"/>
        <line num="1" count="3" type="stmt"/>
        <line num="2" count="3" type="stmt"/>
        <line num="3" count="3" type="stmt"/>
        <line num="6" count="3" type="stmt"/>
        <line num="9" count="3" type="stmt"/>
        <line num="11" count="3" type="stmt"/>
      </file>
      <file name="index.js" path="C:\PHASE3\FINAL_PROJECT\server\routes\index.js">
        <metrics statements="13" coveredstatements="12" conditionals="0" coveredconditionals="0" methods="1" coveredmethods="0"/>
        <line num="1" count="3" type="stmt"/>
        <line num="2" count="3" type="stmt"/>
        <line num="3" count="3" type="stmt"/>
        <line num="4" count="3" type="stmt"/>
        <line num="5" count="3" type="stmt"/>
        <line num="6" count="3" type="stmt"/>
        <line num="8" count="3" type="stmt"/>
        <line num="9" count="0" type="stmt"/>
        <line num="13" count="3" type="stmt"/>
        <line num="16" count="3" type="stmt"/>
        <line num="19" count="3" type="stmt"/>
        <line num="22" count="3" type="stmt"/>
        <line num="24" count="3" type="stmt"/>
      </file>
      <file name="medical_record.js" path="C:\PHASE3\FINAL_PROJECT\server\routes\medical_record.js">
        <metrics statements="6" coveredstatements="6" conditionals="0" coveredconditionals="0" methods="0" coveredmethods="0"/>
        <line num="1" count="3" type="stmt"/>
        <line num="2" count="3" type="stmt"/>
        <line num="3" count="3" type="stmt"/>
        <line num="6" count="3" type="stmt"/>
        <line num="9" count="3" type="stmt"/>
        <line num="11" count="3" type="stmt"/>
      </file>
      <file name="patient.js" path="C:\PHASE3\FINAL_PROJECT\server\routes\patient.js">
        <metrics statements="8" coveredstatements="8" conditionals="0" coveredconditionals="0" methods="0" coveredmethods="0"/>
        <line num="1" count="3" type="stmt"/>
        <line num="2" count="3" type="stmt"/>
        <line num="3" count="3" type="stmt"/>
        <line num="6" count="3" type="stmt"/>
        <line num="9" count="3" type="stmt"/>
        <line num="12" count="3" type="stmt"/>
        <line num="15" count="3" type="stmt"/>
        <line num="17" count="3" type="stmt"/>
      </file>
    </package>
  </project>
</coverage>
