{"C:\\PHASE3\\FINAL_PROJECT\\server\\app.js": {"path":"C:\\PHASE3\\FINAL_PROJECT\\server\\app.js","statementMap":{"0":{"start":{"line":1,"column":0},"end":{"line":3,"column":1}},"1":{"start":{"line":2,"column":4},"end":{"line":2,"column":31}},"2":{"start":{"line":5,"column":16},"end":{"line":5,"column":34}},"3":{"start":{"line":6,"column":12},"end":{"line":6,"column":21}},"4":{"start":{"line":7,"column":13},"end":{"line":7,"column":28}},"5":{"start":{"line":8,"column":11},"end":{"line":8,"column":40}},"6":{"start":{"line":9,"column":15},"end":{"line":9,"column":34}},"7":{"start":{"line":10,"column":21},"end":{"line":10,"column":58}},"8":{"start":{"line":13,"column":0},"end":{"line":13,"column":15}},"9":{"start":{"line":16,"column":0},"end":{"line":16,"column":45}},"10":{"start":{"line":19,"column":0},"end":{"line":19,"column":23}},"11":{"start":{"line":22,"column":0},"end":{"line":22,"column":23}},"12":{"start":{"line":25,"column":0},"end":{"line":25,"column":21}},"13":{"start":{"line":27,"column":0},"end":{"line":27,"column":20}}},"fnMap":{},"branchMap":{"0":{"loc":{"start":{"line":1,"column":0},"end":{"line":3,"column":1}},"type":"if","locations":[{"start":{"line":1,"column":0},"end":{"line":3,"column":1}},{"start":{},"end":{}}],"line":1}},"s":{"0":3,"1":3,"2":3,"3":3,"4":3,"5":3,"6":3,"7":3,"8":3,"9":3,"10":3,"11":3,"12":3,"13":3},"f":{},"b":{"0":[3,0]},"_coverageSchema":"1a1c01bbd47fc00a2c39e90264f33305004495a9","hash":"41a4b27e22b58ff5da84c3a83e0455f1173227c2"}
,"C:\\PHASE3\\FINAL_PROJECT\\server\\config\\db_config.js": {"path":"C:\\PHASE3\\FINAL_PROJECT\\server\\config\\db_config.js","statementMap":{"0":{"start":{"line":1,"column":42},"end":{"line":1,"column":60}},"1":{"start":{"line":2,"column":12},"end":{"line":2,"column":33}},"2":{"start":{"line":4,"column":0},"end":{"line":6,"column":1}},"3":{"start":{"line":5,"column":4},"end":{"line":5,"column":58}},"4":{"start":{"line":9,"column":15},"end":{"line":15,"column":2}},"5":{"start":{"line":17,"column":11},"end":{"line":17,"column":44}},"6":{"start":{"line":19,"column":0},"end":{"line":19,"column":19}}},"fnMap":{},"branchMap":{"0":{"loc":{"start":{"line":4,"column":0},"end":{"line":6,"column":1}},"type":"if","locations":[{"start":{"line":4,"column":0},"end":{"line":6,"column":1}},{"start":{},"end":{}}],"line":4}},"s":{"0":3,"1":3,"2":3,"3":0,"4":3,"5":3,"6":3},"f":{},"b":{"0":[0,3]},"_coverageSchema":"1a1c01bbd47fc00a2c39e90264f33305004495a9","hash":"a64e6fbad99cac11905311f1686ed65b03f49ee3"}
,"C:\\PHASE3\\FINAL_PROJECT\\server\\controllers\\appointment.js": {"path":"C:\\PHASE3\\FINAL_PROJECT\\server\\controllers\\appointment.js","statementMap":{"0":{"start":{"line":1,"column":25},"end":{"line":1,"column":57}},"1":{"start":{"line":2,"column":23},"end":{"line":2,"column":49}},"2":{"start":{"line":6,"column":4},"end":{"line":13,"column":5}},"3":{"start":{"line":7,"column":26},"end":{"line":7,"column":58}},"4":{"start":{"line":9,"column":6},"end":{"line":9,"column":40}},"5":{"start":{"line":11,"column":6},"end":{"line":11,"column":25}},"6":{"start":{"line":12,"column":6},"end":{"line":12,"column":18}},"7":{"start":{"line":17,"column":4},"end":{"line":34,"column":5}},"8":{"start":{"line":18,"column":21},"end":{"line":18,"column":31}},"9":{"start":{"line":20,"column":26},"end":{"line":20,"column":61}},"10":{"start":{"line":22,"column":6},"end":{"line":28,"column":7}},"11":{"start":{"line":23,"column":8},"end":{"line":27,"column":10}},"12":{"start":{"line":30,"column":6},"end":{"line":30,"column":40}},"13":{"start":{"line":32,"column":6},"end":{"line":32,"column":25}},"14":{"start":{"line":33,"column":6},"end":{"line":33,"column":18}},"15":{"start":{"line":38,"column":4},"end":{"line":85,"column":5}},"16":{"start":{"line":39,"column":21},"end":{"line":39,"column":31}},"17":{"start":{"line":41,"column":21},"end":{"line":41,"column":29}},"18":{"start":{"line":43,"column":17},"end":{"line":47,"column":8}},"19":{"start":{"line":49,"column":22},"end":{"line":49,"column":58}},"20":{"start":{"line":51,"column":24},"end":{"line":51,"column":29}},"21":{"start":{"line":53,"column":24},"end":{"line":65,"column":7}},"22":{"start":{"line":67,"column":26},"end":{"line":67,"column":65}},"23":{"start":{"line":68,"column":6},"end":{"line":68,"column":31}},"24":{"start":{"line":69,"column":29},"end":{"line":69,"column":46}},"25":{"start":{"line":70,"column":6},"end":{"line":70,"column":36}},"26":{"start":{"line":72,"column":6},"end":{"line":79,"column":9}},"27":{"start":{"line":81,"column":6},"end":{"line":81,"column":78}},"28":{"start":{"line":83,"column":6},"end":{"line":83,"column":25}},"29":{"start":{"line":84,"column":6},"end":{"line":84,"column":18}},"30":{"start":{"line":89,"column":4},"end":{"line":107,"column":5}},"31":{"start":{"line":90,"column":46},"end":{"line":90,"column":54}},"32":{"start":{"line":92,"column":6},"end":{"line":98,"column":7}},"33":{"start":{"line":93,"column":8},"end":{"line":97,"column":10}},"34":{"start":{"line":100,"column":29},"end":{"line":100,"column":68}},"35":{"start":{"line":101,"column":6},"end":{"line":101,"column":34}},"36":{"start":{"line":103,"column":6},"end":{"line":103,"column":73}},"37":{"start":{"line":105,"column":6},"end":{"line":105,"column":25}},"38":{"start":{"line":106,"column":6},"end":{"line":106,"column":18}},"39":{"start":{"line":111,"column":4},"end":{"line":130,"column":5}},"40":{"start":{"line":112,"column":21},"end":{"line":112,"column":31}},"41":{"start":{"line":123,"column":29},"end":{"line":123,"column":66}},"42":{"start":{"line":124,"column":6},"end":{"line":124,"column":34}},"43":{"start":{"line":126,"column":6},"end":{"line":126,"column":81}},"44":{"start":{"line":128,"column":6},"end":{"line":128,"column":25}},"45":{"start":{"line":129,"column":6},"end":{"line":129,"column":18}},"46":{"start":{"line":136,"column":0},"end":{"line":136,"column":29}}},"fnMap":{"0":{"name":"(anonymous_0)","decl":{"start":{"line":5,"column":2},"end":{"line":5,"column":3}},"loc":{"start":{"line":5,"column":47},"end":{"line":14,"column":3}},"line":5},"1":{"name":"(anonymous_1)","decl":{"start":{"line":16,"column":2},"end":{"line":16,"column":3}},"loc":{"start":{"line":16,"column":51},"end":{"line":35,"column":3}},"line":16},"2":{"name":"(anonymous_2)","decl":{"start":{"line":37,"column":2},"end":{"line":37,"column":3}},"loc":{"start":{"line":37,"column":48},"end":{"line":86,"column":3}},"line":37},"3":{"name":"(anonymous_3)","decl":{"start":{"line":88,"column":2},"end":{"line":88,"column":3}},"loc":{"start":{"line":88,"column":46},"end":{"line":108,"column":3}},"line":88},"4":{"name":"(anonymous_4)","decl":{"start":{"line":110,"column":2},"end":{"line":110,"column":3}},"loc":{"start":{"line":110,"column":53},"end":{"line":131,"column":3}},"line":110}},"branchMap":{"0":{"loc":{"start":{"line":22,"column":6},"end":{"line":28,"column":7}},"type":"if","locations":[{"start":{"line":22,"column":6},"end":{"line":28,"column":7}},{"start":{},"end":{}}],"line":22},"1":{"loc":{"start":{"line":92,"column":6},"end":{"line":98,"column":7}},"type":"if","locations":[{"start":{"line":92,"column":6},"end":{"line":98,"column":7}},{"start":{},"end":{}}],"line":92},"2":{"loc":{"start":{"line":92,"column":10},"end":{"line":92,"column":44}},"type":"binary-expr","locations":[{"start":{"line":92,"column":10},"end":{"line":92,"column":17}},{"start":{"line":92,"column":21},"end":{"line":92,"column":35}},{"start":{"line":92,"column":39},"end":{"line":92,"column":44}}],"line":92}},"s":{"0":3,"1":3,"2":1,"3":1,"4":1,"5":0,"6":0,"7":2,"8":2,"9":2,"10":2,"11":2,"12":0,"13":2,"14":2,"15":0,"16":0,"17":0,"18":0,"19":0,"20":0,"21":0,"22":0,"23":0,"24":0,"25":0,"26":0,"27":0,"28":0,"29":0,"30":4,"31":4,"32":4,"33":3,"34":1,"35":1,"36":1,"37":3,"38":3,"39":4,"40":4,"41":4,"42":3,"43":3,"44":1,"45":1,"46":3},"f":{"0":1,"1":2,"2":0,"3":4,"4":4},"b":{"0":[2,0],"1":[3,1],"2":[4,3,2]},"_coverageSchema":"1a1c01bbd47fc00a2c39e90264f33305004495a9","hash":"674feca6f90dc7235d53a979df6af333d07197e3"}
,"C:\\PHASE3\\FINAL_PROJECT\\server\\controllers\\doctor.js": {"path":"C:\\PHASE3\\FINAL_PROJECT\\server\\controllers\\doctor.js","statementMap":{"0":{"start":{"line":1,"column":20},"end":{"line":1,"column":47}},"1":{"start":{"line":5,"column":8},"end":{"line":13,"column":9}},"2":{"start":{"line":6,"column":28},"end":{"line":6,"column":55}},"3":{"start":{"line":8,"column":12},"end":{"line":8,"column":42}},"4":{"start":{"line":11,"column":12},"end":{"line":11,"column":31}},"5":{"start":{"line":12,"column":12},"end":{"line":12,"column":24}},"6":{"start":{"line":17,"column":8},"end":{"line":30,"column":9}},"7":{"start":{"line":18,"column":27},"end":{"line":18,"column":37}},"8":{"start":{"line":20,"column":27},"end":{"line":20,"column":57}},"9":{"start":{"line":22,"column":12},"end":{"line":24,"column":13}},"10":{"start":{"line":23,"column":16},"end":{"line":23,"column":81}},"11":{"start":{"line":26,"column":12},"end":{"line":26,"column":41}},"12":{"start":{"line":28,"column":12},"end":{"line":28,"column":31}},"13":{"start":{"line":29,"column":12},"end":{"line":29,"column":24}},"14":{"start":{"line":34,"column":0},"end":{"line":34,"column":24}}},"fnMap":{"0":{"name":"(anonymous_0)","decl":{"start":{"line":4,"column":4},"end":{"line":4,"column":5}},"loc":{"start":{"line":4,"column":44},"end":{"line":14,"column":5}},"line":4},"1":{"name":"(anonymous_1)","decl":{"start":{"line":16,"column":4},"end":{"line":16,"column":5}},"loc":{"start":{"line":16,"column":48},"end":{"line":31,"column":5}},"line":16}},"branchMap":{"0":{"loc":{"start":{"line":22,"column":12},"end":{"line":24,"column":13}},"type":"if","locations":[{"start":{"line":22,"column":12},"end":{"line":24,"column":13}},{"start":{},"end":{}}],"line":22}},"s":{"0":3,"1":1,"2":1,"3":1,"4":0,"5":0,"6":2,"7":2,"8":2,"9":2,"10":1,"11":1,"12":1,"13":1,"14":3},"f":{"0":1,"1":2},"b":{"0":[1,1]},"_coverageSchema":"1a1c01bbd47fc00a2c39e90264f33305004495a9","hash":"5f38539839f8bc815ef6c7e7806b818cbe4fadef"}
,"C:\\PHASE3\\FINAL_PROJECT\\server\\controllers\\medical_records.js": {"path":"C:\\PHASE3\\FINAL_PROJECT\\server\\controllers\\medical_records.js","statementMap":{"0":{"start":{"line":1,"column":30},"end":{"line":1,"column":65}},"1":{"start":{"line":5,"column":4},"end":{"line":22,"column":5}},"2":{"start":{"line":6,"column":21},"end":{"line":6,"column":31}},"3":{"start":{"line":8,"column":30},"end":{"line":8,"column":70}},"4":{"start":{"line":10,"column":6},"end":{"line":16,"column":7}},"5":{"start":{"line":11,"column":8},"end":{"line":15,"column":10}},"6":{"start":{"line":18,"column":6},"end":{"line":18,"column":44}},"7":{"start":{"line":20,"column":6},"end":{"line":20,"column":25}},"8":{"start":{"line":21,"column":6},"end":{"line":21,"column":18}},"9":{"start":{"line":26,"column":4},"end":{"line":44,"column":5}},"10":{"start":{"line":27,"column":72},"end":{"line":27,"column":80}},"11":{"start":{"line":29,"column":6},"end":{"line":35,"column":7}},"12":{"start":{"line":30,"column":8},"end":{"line":34,"column":10}},"13":{"start":{"line":37,"column":32},"end":{"line":37,"column":76}},"14":{"start":{"line":38,"column":6},"end":{"line":38,"column":37}},"15":{"start":{"line":40,"column":6},"end":{"line":40,"column":77}},"16":{"start":{"line":42,"column":6},"end":{"line":42,"column":25}},"17":{"start":{"line":43,"column":6},"end":{"line":43,"column":18}},"18":{"start":{"line":48,"column":0},"end":{"line":48,"column":33}}},"fnMap":{"0":{"name":"(anonymous_0)","decl":{"start":{"line":4,"column":2},"end":{"line":4,"column":3}},"loc":{"start":{"line":4,"column":55},"end":{"line":23,"column":3}},"line":4},"1":{"name":"(anonymous_1)","decl":{"start":{"line":25,"column":2},"end":{"line":25,"column":3}},"loc":{"start":{"line":25,"column":49},"end":{"line":45,"column":3}},"line":25}},"branchMap":{"0":{"loc":{"start":{"line":10,"column":6},"end":{"line":16,"column":7}},"type":"if","locations":[{"start":{"line":10,"column":6},"end":{"line":16,"column":7}},{"start":{},"end":{}}],"line":10},"1":{"loc":{"start":{"line":29,"column":6},"end":{"line":35,"column":7}},"type":"if","locations":[{"start":{"line":29,"column":6},"end":{"line":35,"column":7}},{"start":{},"end":{}}],"line":29},"2":{"loc":{"start":{"line":29,"column":10},"end":{"line":29,"column":76}},"type":"binary-expr","locations":[{"start":{"line":29,"column":10},"end":{"line":29,"column":20}},{"start":{"line":29,"column":24},"end":{"line":29,"column":35}},{"start":{"line":29,"column":39},"end":{"line":29,"column":52}},{"start":{"line":29,"column":56},"end":{"line":29,"column":68}},{"start":{"line":29,"column":71},"end":{"line":29,"column":76}}],"line":29}},"s":{"0":3,"1":0,"2":0,"3":0,"4":0,"5":0,"6":0,"7":0,"8":0,"9":0,"10":0,"11":0,"12":0,"13":0,"14":0,"15":0,"16":0,"17":0,"18":3},"f":{"0":0,"1":0},"b":{"0":[0,0],"1":[0,0],"2":[0,0,0,0,0]},"_coverageSchema":"1a1c01bbd47fc00a2c39e90264f33305004495a9","hash":"a27538a637665a8eceb6e9ec8be0213cc2ee9bae"}
,"C:\\PHASE3\\FINAL_PROJECT\\server\\controllers\\patient.js": {"path":"C:\\PHASE3\\FINAL_PROJECT\\server\\controllers\\patient.js","statementMap":{"0":{"start":{"line":1,"column":24},"end":{"line":1,"column":52}},"1":{"start":{"line":2,"column":22},"end":{"line":2,"column":47}},"2":{"start":{"line":3,"column":21},"end":{"line":3,"column":49}},"3":{"start":{"line":4,"column":11},"end":{"line":4,"column":41}},"4":{"start":{"line":5,"column":17},"end":{"line":5,"column":44}},"5":{"start":{"line":9,"column":8},"end":{"line":38,"column":9}},"6":{"start":{"line":10,"column":95},"end":{"line":10,"column":103}},"7":{"start":{"line":12,"column":12},"end":{"line":18,"column":13}},"8":{"start":{"line":13,"column":16},"end":{"line":17,"column":18}},"9":{"start":{"line":20,"column":32},"end":{"line":20,"column":69}},"10":{"start":{"line":22,"column":12},"end":{"line":28,"column":13}},"11":{"start":{"line":23,"column":16},"end":{"line":27,"column":18}},"12":{"start":{"line":30,"column":31},"end":{"line":30,"column":66}},"13":{"start":{"line":31,"column":12},"end":{"line":31,"column":36}},"14":{"start":{"line":33,"column":12},"end":{"line":33,"column":75}},"15":{"start":{"line":36,"column":16},"end":{"line":36,"column":35}},"16":{"start":{"line":37,"column":16},"end":{"line":37,"column":28}},"17":{"start":{"line":42,"column":8},"end":{"line":73,"column":9}},"18":{"start":{"line":43,"column":40},"end":{"line":43,"column":48}},"19":{"start":{"line":45,"column":12},"end":{"line":51,"column":13}},"20":{"start":{"line":46,"column":16},"end":{"line":50,"column":18}},"21":{"start":{"line":53,"column":32},"end":{"line":53,"column":69}},"22":{"start":{"line":55,"column":12},"end":{"line":61,"column":13}},"23":{"start":{"line":56,"column":16},"end":{"line":60,"column":18}},"24":{"start":{"line":63,"column":26},"end":{"line":67,"column":14}},"25":{"start":{"line":69,"column":12},"end":{"line":69,"column":57}},"26":{"start":{"line":71,"column":12},"end":{"line":71,"column":31}},"27":{"start":{"line":72,"column":12},"end":{"line":72,"column":24}},"28":{"start":{"line":77,"column":8},"end":{"line":85,"column":9}},"29":{"start":{"line":78,"column":29},"end":{"line":78,"column":57}},"30":{"start":{"line":80,"column":12},"end":{"line":80,"column":43}},"31":{"start":{"line":83,"column":12},"end":{"line":83,"column":31}},"32":{"start":{"line":84,"column":12},"end":{"line":84,"column":24}},"33":{"start":{"line":89,"column":8},"end":{"line":102,"column":9}},"34":{"start":{"line":90,"column":27},"end":{"line":90,"column":37}},"35":{"start":{"line":91,"column":28},"end":{"line":91,"column":59}},"36":{"start":{"line":93,"column":12},"end":{"line":95,"column":13}},"37":{"start":{"line":94,"column":16},"end":{"line":94,"column":82}},"38":{"start":{"line":97,"column":12},"end":{"line":97,"column":42}},"39":{"start":{"line":100,"column":12},"end":{"line":100,"column":31}},"40":{"start":{"line":101,"column":12},"end":{"line":101,"column":24}},"41":{"start":{"line":106,"column":0},"end":{"line":106,"column":25}}},"fnMap":{"0":{"name":"(anonymous_0)","decl":{"start":{"line":8,"column":4},"end":{"line":8,"column":5}},"loc":{"start":{"line":8,"column":42},"end":{"line":39,"column":5}},"line":8},"1":{"name":"(anonymous_1)","decl":{"start":{"line":41,"column":4},"end":{"line":41,"column":5}},"loc":{"start":{"line":41,"column":39},"end":{"line":74,"column":5}},"line":41},"2":{"name":"(anonymous_2)","decl":{"start":{"line":76,"column":4},"end":{"line":76,"column":5}},"loc":{"start":{"line":76,"column":45},"end":{"line":86,"column":5}},"line":76},"3":{"name":"(anonymous_3)","decl":{"start":{"line":88,"column":4},"end":{"line":88,"column":5}},"loc":{"start":{"line":88,"column":49},"end":{"line":103,"column":5}},"line":88}},"branchMap":{"0":{"loc":{"start":{"line":12,"column":12},"end":{"line":18,"column":13}},"type":"if","locations":[{"start":{"line":12,"column":12},"end":{"line":18,"column":13}},{"start":{},"end":{}}],"line":12},"1":{"loc":{"start":{"line":12,"column":16},"end":{"line":12,"column":110}},"type":"binary-expr","locations":[{"start":{"line":12,"column":16},"end":{"line":12,"column":21}},{"start":{"line":12,"column":25},"end":{"line":12,"column":31}},{"start":{"line":12,"column":35},"end":{"line":12,"column":44}},{"start":{"line":12,"column":48},"end":{"line":12,"column":58}},{"start":{"line":12,"column":62},"end":{"line":12,"column":74}},{"start":{"line":12,"column":78},"end":{"line":12,"column":87}},{"start":{"line":12,"column":91},"end":{"line":12,"column":98}},{"start":{"line":12,"column":102},"end":{"line":12,"column":110}}],"line":12},"2":{"loc":{"start":{"line":22,"column":12},"end":{"line":28,"column":13}},"type":"if","locations":[{"start":{"line":22,"column":12},"end":{"line":28,"column":13}},{"start":{},"end":{}}],"line":22},"3":{"loc":{"start":{"line":45,"column":12},"end":{"line":51,"column":13}},"type":"if","locations":[{"start":{"line":45,"column":12},"end":{"line":51,"column":13}},{"start":{},"end":{}}],"line":45},"4":{"loc":{"start":{"line":45,"column":16},"end":{"line":45,"column":35}},"type":"binary-expr","locations":[{"start":{"line":45,"column":16},"end":{"line":45,"column":22}},{"start":{"line":45,"column":26},"end":{"line":45,"column":35}}],"line":45},"5":{"loc":{"start":{"line":55,"column":12},"end":{"line":61,"column":13}},"type":"if","locations":[{"start":{"line":55,"column":12},"end":{"line":61,"column":13}},{"start":{},"end":{}}],"line":55},"6":{"loc":{"start":{"line":55,"column":16},"end":{"line":55,"column":76}},"type":"binary-expr","locations":[{"start":{"line":55,"column":16},"end":{"line":55,"column":28}},{"start":{"line":55,"column":32},"end":{"line":55,"column":76}}],"line":55},"7":{"loc":{"start":{"line":93,"column":12},"end":{"line":95,"column":13}},"type":"if","locations":[{"start":{"line":93,"column":12},"end":{"line":95,"column":13}},{"start":{},"end":{}}],"line":93}},"s":{"0":3,"1":3,"2":3,"3":3,"4":3,"5":12,"6":12,"7":12,"8":10,"9":2,"10":2,"11":2,"12":0,"13":0,"14":0,"15":12,"16":12,"17":5,"18":5,"19":5,"20":2,"21":3,"22":3,"23":2,"24":1,"25":1,"26":4,"27":4,"28":1,"29":1,"30":1,"31":0,"32":0,"33":2,"34":2,"35":2,"36":1,"37":0,"38":1,"39":1,"40":1,"41":3},"f":{"0":12,"1":5,"2":1,"3":2},"b":{"0":[10,2],"1":[12,7,7,7,6,5,4,3],"2":[2,0],"3":[2,3],"4":[5,4],"5":[2,1],"6":[3,2],"7":[0,1]},"_coverageSchema":"1a1c01bbd47fc00a2c39e90264f33305004495a9","hash":"39159d99e9555612cf6959ffa406c79731166ffa"}
,"C:\\PHASE3\\FINAL_PROJECT\\server\\helpers\\bcrypt.js": {"path":"C:\\PHASE3\\FINAL_PROJECT\\server\\helpers\\bcrypt.js","statementMap":{"0":{"start":{"line":1,"column":34},"end":{"line":1,"column":53}},"1":{"start":{"line":3,"column":17},"end":{"line":5,"column":1}},"2":{"start":{"line":4,"column":4},"end":{"line":4,"column":29}},"3":{"start":{"line":7,"column":20},"end":{"line":9,"column":1}},"4":{"start":{"line":8,"column":4},"end":{"line":8,"column":45}},"5":{"start":{"line":11,"column":0},"end":{"line":11,"column":40}}},"fnMap":{"0":{"name":"(anonymous_0)","decl":{"start":{"line":3,"column":17},"end":{"line":3,"column":18}},"loc":{"start":{"line":3,"column":31},"end":{"line":5,"column":1}},"line":3},"1":{"name":"(anonymous_1)","decl":{"start":{"line":7,"column":20},"end":{"line":7,"column":21}},"loc":{"start":{"line":7,"column":47},"end":{"line":9,"column":1}},"line":7}},"branchMap":{},"s":{"0":3,"1":3,"2":2,"3":3,"4":2,"5":3},"f":{"0":2,"1":2},"b":{},"_coverageSchema":"1a1c01bbd47fc00a2c39e90264f33305004495a9","hash":"5124fac719fcb353539a99c925047b185b4e5706"}
,"C:\\PHASE3\\FINAL_PROJECT\\server\\helpers\\jwt.js": {"path":"C:\\PHASE3\\FINAL_PROJECT\\server\\helpers\\jwt.js","statementMap":{"0":{"start":{"line":1,"column":25},"end":{"line":1,"column":48}},"1":{"start":{"line":2,"column":15},"end":{"line":2,"column":29}},"2":{"start":{"line":4,"column":18},"end":{"line":6,"column":1}},"3":{"start":{"line":5,"column":4},"end":{"line":5,"column":32}},"4":{"start":{"line":8,"column":20},"end":{"line":10,"column":1}},"5":{"start":{"line":9,"column":4},"end":{"line":9,"column":32}},"6":{"start":{"line":12,"column":0},"end":{"line":12,"column":41}}},"fnMap":{"0":{"name":"(anonymous_0)","decl":{"start":{"line":4,"column":18},"end":{"line":4,"column":19}},"loc":{"start":{"line":4,"column":31},"end":{"line":6,"column":1}},"line":4},"1":{"name":"(anonymous_1)","decl":{"start":{"line":8,"column":20},"end":{"line":8,"column":21}},"loc":{"start":{"line":8,"column":31},"end":{"line":10,"column":1}},"line":8}},"branchMap":{},"s":{"0":3,"1":3,"2":3,"3":2,"4":3,"5":0,"6":3},"f":{"0":2,"1":0},"b":{},"_coverageSchema":"1a1c01bbd47fc00a2c39e90264f33305004495a9","hash":"3fd2269e662a3daa7b1892c8a81b90e7411f6315"}
,"C:\\PHASE3\\FINAL_PROJECT\\server\\middlewares\\errorHandler.js": {"path":"C:\\PHASE3\\FINAL_PROJECT\\server\\middlewares\\errorHandler.js","statementMap":{"0":{"start":{"line":2,"column":21},"end":{"line":17,"column":1}},"1":{"start":{"line":3,"column":17},"end":{"line":3,"column":36}},"2":{"start":{"line":4,"column":18},"end":{"line":4,"column":58}},"3":{"start":{"line":5,"column":15},"end":{"line":5,"column":43}},"4":{"start":{"line":13,"column":4},"end":{"line":16,"column":6}},"5":{"start":{"line":20,"column":0},"end":{"line":20,"column":29}}},"fnMap":{"0":{"name":"(anonymous_0)","decl":{"start":{"line":2,"column":21},"end":{"line":2,"column":22}},"loc":{"start":{"line":2,"column":48},"end":{"line":17,"column":1}},"line":2}},"branchMap":{"0":{"loc":{"start":{"line":3,"column":17},"end":{"line":3,"column":36}},"type":"binary-expr","locations":[{"start":{"line":3,"column":17},"end":{"line":3,"column":29}},{"start":{"line":3,"column":33},"end":{"line":3,"column":36}}],"line":3},"1":{"loc":{"start":{"line":4,"column":18},"end":{"line":4,"column":58}},"type":"binary-expr","locations":[{"start":{"line":4,"column":18},"end":{"line":4,"column":31}},{"start":{"line":4,"column":35},"end":{"line":4,"column":58}}],"line":4},"2":{"loc":{"start":{"line":5,"column":15},"end":{"line":5,"column":43}},"type":"binary-expr","locations":[{"start":{"line":5,"column":15},"end":{"line":5,"column":25}},{"start":{"line":5,"column":29},"end":{"line":5,"column":43}}],"line":5}},"s":{"0":3,"1":24,"2":24,"3":24,"4":24,"5":3},"f":{"0":24},"b":{"0":[24,2],"1":[24,0],"2":[24,0]},"_coverageSchema":"1a1c01bbd47fc00a2c39e90264f33305004495a9","hash":"6887694a21fbab785205c30ac3c01d1929e8b2f8"}
,"C:\\PHASE3\\FINAL_PROJECT\\server\\models\\appointment.js": {"path":"C:\\PHASE3\\FINAL_PROJECT\\server\\models\\appointment.js","statementMap":{"0":{"start":{"line":1,"column":11},"end":{"line":1,"column":41}},"1":{"start":{"line":2,"column":21},"end":{"line":2,"column":39}},"2":{"start":{"line":6,"column":4},"end":{"line":6,"column":41}},"3":{"start":{"line":10,"column":4},"end":{"line":14,"column":7}},"4":{"start":{"line":18,"column":4},"end":{"line":25,"column":5}},"5":{"start":{"line":19,"column":21},"end":{"line":19,"column":76}},"6":{"start":{"line":20,"column":6},"end":{"line":20,"column":33}},"7":{"start":{"line":22,"column":6},"end":{"line":24,"column":8}},"8":{"start":{"line":29,"column":4},"end":{"line":37,"column":6}},"9":{"start":{"line":41,"column":4},"end":{"line":41,"column":69}},"10":{"start":{"line":45,"column":4},"end":{"line":47,"column":7}},"11":{"start":{"line":51,"column":0},"end":{"line":51,"column":34}}},"fnMap":{"0":{"name":"(anonymous_0)","decl":{"start":{"line":5,"column":2},"end":{"line":5,"column":3}},"loc":{"start":{"line":5,"column":25},"end":{"line":7,"column":3}},"line":5},"1":{"name":"(anonymous_1)","decl":{"start":{"line":9,"column":2},"end":{"line":9,"column":3}},"loc":{"start":{"line":9,"column":28},"end":{"line":15,"column":3}},"line":9},"2":{"name":"(anonymous_2)","decl":{"start":{"line":17,"column":2},"end":{"line":17,"column":3}},"loc":{"start":{"line":17,"column":30},"end":{"line":26,"column":3}},"line":17},"3":{"name":"(anonymous_3)","decl":{"start":{"line":28,"column":2},"end":{"line":28,"column":3}},"loc":{"start":{"line":28,"column":30},"end":{"line":38,"column":3}},"line":28},"4":{"name":"(anonymous_4)","decl":{"start":{"line":40,"column":2},"end":{"line":40,"column":3}},"loc":{"start":{"line":40,"column":25},"end":{"line":42,"column":3}},"line":40},"5":{"name":"(anonymous_5)","decl":{"start":{"line":44,"column":2},"end":{"line":44,"column":3}},"loc":{"start":{"line":44,"column":28},"end":{"line":48,"column":3}},"line":44}},"branchMap":{},"s":{"0":3,"1":3,"2":10,"3":2,"4":1,"5":1,"6":1,"7":0,"8":4,"9":1,"10":2,"11":3},"f":{"0":10,"1":2,"2":1,"3":4,"4":1,"5":2},"b":{},"_coverageSchema":"1a1c01bbd47fc00a2c39e90264f33305004495a9","hash":"be3b3a2e793154168e7781762c0457e596d04b22"}
,"C:\\PHASE3\\FINAL_PROJECT\\server\\models\\doctor.js": {"path":"C:\\PHASE3\\FINAL_PROJECT\\server\\models\\doctor.js","statementMap":{"0":{"start":{"line":1,"column":11},"end":{"line":1,"column":41}},"1":{"start":{"line":2,"column":21},"end":{"line":2,"column":39}},"2":{"start":{"line":6,"column":4},"end":{"line":6,"column":36}},"3":{"start":{"line":12,"column":4},"end":{"line":14,"column":7}},"4":{"start":{"line":18,"column":4},"end":{"line":25,"column":5}},"5":{"start":{"line":19,"column":21},"end":{"line":19,"column":71}},"6":{"start":{"line":20,"column":6},"end":{"line":20,"column":33}},"7":{"start":{"line":22,"column":6},"end":{"line":24,"column":8}},"8":{"start":{"line":29,"column":4},"end":{"line":29,"column":64}},"9":{"start":{"line":33,"column":4},"end":{"line":35,"column":7}},"10":{"start":{"line":39,"column":0},"end":{"line":39,"column":29}}},"fnMap":{"0":{"name":"(anonymous_0)","decl":{"start":{"line":5,"column":2},"end":{"line":5,"column":3}},"loc":{"start":{"line":5,"column":25},"end":{"line":7,"column":3}},"line":5},"1":{"name":"(anonymous_1)","decl":{"start":{"line":9,"column":2},"end":{"line":9,"column":3}},"loc":{"start":{"line":9,"column":28},"end":{"line":15,"column":3}},"line":9},"2":{"name":"(anonymous_2)","decl":{"start":{"line":17,"column":2},"end":{"line":17,"column":3}},"loc":{"start":{"line":17,"column":30},"end":{"line":26,"column":3}},"line":17},"3":{"name":"(anonymous_3)","decl":{"start":{"line":28,"column":2},"end":{"line":28,"column":3}},"loc":{"start":{"line":28,"column":25},"end":{"line":30,"column":3}},"line":28},"4":{"name":"(anonymous_4)","decl":{"start":{"line":32,"column":2},"end":{"line":32,"column":3}},"loc":{"start":{"line":32,"column":28},"end":{"line":36,"column":3}},"line":32}},"branchMap":{},"s":{"0":3,"1":3,"2":4,"3":0,"4":1,"5":1,"6":1,"7":0,"8":1,"9":2,"10":3},"f":{"0":4,"1":0,"2":1,"3":1,"4":2},"b":{},"_coverageSchema":"1a1c01bbd47fc00a2c39e90264f33305004495a9","hash":"c60ffc658515ba2f3066043b5c54b0d2a10cdb21"}
,"C:\\PHASE3\\FINAL_PROJECT\\server\\models\\medical_record.js": {"path":"C:\\PHASE3\\FINAL_PROJECT\\server\\models\\medical_record.js","statementMap":{"0":{"start":{"line":1,"column":21},"end":{"line":1,"column":39}},"1":{"start":{"line":2,"column":11},"end":{"line":2,"column":41}},"2":{"start":{"line":3,"column":21},"end":{"line":3,"column":49}},"3":{"start":{"line":7,"column":4},"end":{"line":7,"column":44}},"4":{"start":{"line":11,"column":4},"end":{"line":13,"column":7}},"5":{"start":{"line":17,"column":4},"end":{"line":19,"column":7}},"6":{"start":{"line":23,"column":0},"end":{"line":23,"column":39}}},"fnMap":{"0":{"name":"(anonymous_0)","decl":{"start":{"line":6,"column":2},"end":{"line":6,"column":3}},"loc":{"start":{"line":6,"column":25},"end":{"line":8,"column":3}},"line":6},"1":{"name":"(anonymous_1)","decl":{"start":{"line":10,"column":2},"end":{"line":10,"column":3}},"loc":{"start":{"line":10,"column":28},"end":{"line":14,"column":3}},"line":10},"2":{"name":"(anonymous_2)","decl":{"start":{"line":16,"column":2},"end":{"line":16,"column":3}},"loc":{"start":{"line":16,"column":28},"end":{"line":20,"column":3}},"line":16}},"branchMap":{},"s":{"0":3,"1":3,"2":3,"3":0,"4":0,"5":0,"6":3},"f":{"0":0,"1":0,"2":0},"b":{},"_coverageSchema":"1a1c01bbd47fc00a2c39e90264f33305004495a9","hash":"487d0e2e06c5ec59b82ab13f28c405a47d2a5739"}
,"C:\\PHASE3\\FINAL_PROJECT\\server\\models\\patient.js": {"path":"C:\\PHASE3\\FINAL_PROJECT\\server\\models\\patient.js","statementMap":{"0":{"start":{"line":1,"column":21},"end":{"line":1,"column":39}},"1":{"start":{"line":2,"column":11},"end":{"line":2,"column":41}},"2":{"start":{"line":3,"column":21},"end":{"line":3,"column":49}},"3":{"start":{"line":7,"column":4},"end":{"line":7,"column":37}},"4":{"start":{"line":11,"column":25},"end":{"line":11,"column":29}},"5":{"start":{"line":13,"column":4},"end":{"line":16,"column":7}},"6":{"start":{"line":20,"column":4},"end":{"line":27,"column":5}},"7":{"start":{"line":21,"column":21},"end":{"line":21,"column":72}},"8":{"start":{"line":22,"column":6},"end":{"line":22,"column":33}},"9":{"start":{"line":24,"column":6},"end":{"line":26,"column":8}},"10":{"start":{"line":31,"column":4},"end":{"line":31,"column":65}},"11":{"start":{"line":35,"column":4},"end":{"line":37,"column":7}},"12":{"start":{"line":41,"column":4},"end":{"line":43,"column":7}},"13":{"start":{"line":47,"column":0},"end":{"line":47,"column":29}}},"fnMap":{"0":{"name":"(anonymous_0)","decl":{"start":{"line":6,"column":2},"end":{"line":6,"column":3}},"loc":{"start":{"line":6,"column":25},"end":{"line":8,"column":3}},"line":6},"1":{"name":"(anonymous_1)","decl":{"start":{"line":10,"column":2},"end":{"line":10,"column":3}},"loc":{"start":{"line":10,"column":28},"end":{"line":17,"column":3}},"line":10},"2":{"name":"(anonymous_2)","decl":{"start":{"line":19,"column":2},"end":{"line":19,"column":3}},"loc":{"start":{"line":19,"column":30},"end":{"line":28,"column":3}},"line":19},"3":{"name":"(anonymous_3)","decl":{"start":{"line":30,"column":2},"end":{"line":30,"column":3}},"loc":{"start":{"line":30,"column":25},"end":{"line":32,"column":3}},"line":30},"4":{"name":"(anonymous_4)","decl":{"start":{"line":34,"column":2},"end":{"line":34,"column":3}},"loc":{"start":{"line":34,"column":34},"end":{"line":38,"column":3}},"line":34},"5":{"name":"(anonymous_5)","decl":{"start":{"line":40,"column":2},"end":{"line":40,"column":3}},"loc":{"start":{"line":40,"column":28},"end":{"line":44,"column":3}},"line":40}},"branchMap":{},"s":{"0":3,"1":3,"2":3,"3":10,"4":1,"5":1,"6":1,"7":1,"8":1,"9":0,"10":1,"11":5,"12":2,"13":3},"f":{"0":10,"1":1,"2":1,"3":1,"4":5,"5":2},"b":{},"_coverageSchema":"1a1c01bbd47fc00a2c39e90264f33305004495a9","hash":"19dcdb3ab38b94c684ecafe46f112d44e42c6c63"}
,"C:\\PHASE3\\FINAL_PROJECT\\server\\routes\\appointment.js": {"path":"C:\\PHASE3\\FINAL_PROJECT\\server\\routes\\appointment.js","statementMap":{"0":{"start":{"line":2,"column":16},"end":{"line":2,"column":34}},"1":{"start":{"line":3,"column":20},"end":{"line":3,"column":57}},"2":{"start":{"line":4,"column":15},"end":{"line":4,"column":31}},"3":{"start":{"line":7,"column":0},"end":{"line":7,"column":45}},"4":{"start":{"line":10,"column":0},"end":{"line":10,"column":52}},"5":{"start":{"line":12,"column":0},"end":{"line":12,"column":58}},"6":{"start":{"line":14,"column":0},"end":{"line":18,"column":3}},"7":{"start":{"line":15,"column":2},"end":{"line":15,"column":24}},"8":{"start":{"line":17,"column":2},"end":{"line":17,"column":33}},"9":{"start":{"line":20,"column":0},"end":{"line":52,"column":3}},"10":{"start":{"line":21,"column":19},"end":{"line":21,"column":29}},"11":{"start":{"line":22,"column":16},"end":{"line":22,"column":37}},"12":{"start":{"line":23,"column":14},"end":{"line":23,"column":58}},"13":{"start":{"line":24,"column":18},"end":{"line":43,"column":3}},"14":{"start":{"line":45,"column":2},"end":{"line":51,"column":7}},"15":{"start":{"line":46,"column":19},"end":{"line":46,"column":29}},"16":{"start":{"line":47,"column":20},"end":{"line":47,"column":46}},"17":{"start":{"line":49,"column":6},"end":{"line":49,"column":36}},"18":{"start":{"line":50,"column":6},"end":{"line":50,"column":32}},"19":{"start":{"line":55,"column":0},"end":{"line":55,"column":59}},"20":{"start":{"line":58,"column":0},"end":{"line":58,"column":80}},"21":{"start":{"line":60,"column":0},"end":{"line":60,"column":24}}},"fnMap":{"0":{"name":"(anonymous_0)","decl":{"start":{"line":14,"column":45},"end":{"line":14,"column":46}},"loc":{"start":{"line":14,"column":59},"end":{"line":18,"column":1}},"line":14},"1":{"name":"(anonymous_1)","decl":{"start":{"line":20,"column":31},"end":{"line":20,"column":32}},"loc":{"start":{"line":20,"column":45},"end":{"line":52,"column":1}},"line":20},"2":{"name":"(anonymous_2)","decl":{"start":{"line":46,"column":10},"end":{"line":46,"column":11}},"loc":{"start":{"line":46,"column":19},"end":{"line":46,"column":29}},"line":46},"3":{"name":"(anonymous_3)","decl":{"start":{"line":47,"column":10},"end":{"line":47,"column":11}},"loc":{"start":{"line":47,"column":20},"end":{"line":47,"column":46}},"line":47},"4":{"name":"(anonymous_4)","decl":{"start":{"line":48,"column":11},"end":{"line":48,"column":12}},"loc":{"start":{"line":48,"column":20},"end":{"line":51,"column":5}},"line":48}},"branchMap":{},"s":{"0":3,"1":3,"2":3,"3":3,"4":3,"5":3,"6":3,"7":0,"8":0,"9":3,"10":0,"11":0,"12":0,"13":0,"14":0,"15":0,"16":0,"17":0,"18":0,"19":3,"20":3,"21":3},"f":{"0":0,"1":0,"2":0,"3":0,"4":0},"b":{},"_coverageSchema":"1a1c01bbd47fc00a2c39e90264f33305004495a9","hash":"a014bb8419d43bc3bb1ca7cb04769d66e5afb8a3"}
,"C:\\PHASE3\\FINAL_PROJECT\\server\\routes\\doctor.js": {"path":"C:\\PHASE3\\FINAL_PROJECT\\server\\routes\\doctor.js","statementMap":{"0":{"start":{"line":1,"column":16},"end":{"line":1,"column":34}},"1":{"start":{"line":2,"column":15},"end":{"line":2,"column":31}},"2":{"start":{"line":3,"column":15},"end":{"line":3,"column":47}},"3":{"start":{"line":6,"column":0},"end":{"line":6,"column":35}},"4":{"start":{"line":9,"column":0},"end":{"line":9,"column":41}},"5":{"start":{"line":11,"column":0},"end":{"line":11,"column":24}}},"fnMap":{},"branchMap":{},"s":{"0":3,"1":3,"2":3,"3":3,"4":3,"5":3},"f":{},"b":{},"_coverageSchema":"1a1c01bbd47fc00a2c39e90264f33305004495a9","hash":"152cc1114305f9a163416493007bdf8c0604f39a"}
,"C:\\PHASE3\\FINAL_PROJECT\\server\\routes\\index.js": {"path":"C:\\PHASE3\\FINAL_PROJECT\\server\\routes\\index.js","statementMap":{"0":{"start":{"line":1,"column":16},"end":{"line":1,"column":34}},"1":{"start":{"line":2,"column":15},"end":{"line":2,"column":31}},"2":{"start":{"line":3,"column":16},"end":{"line":3,"column":36}},"3":{"start":{"line":4,"column":15},"end":{"line":4,"column":34}},"4":{"start":{"line":5,"column":20},"end":{"line":5,"column":44}},"5":{"start":{"line":6,"column":24},"end":{"line":6,"column":51}},"6":{"start":{"line":8,"column":0},"end":{"line":10,"column":2}},"7":{"start":{"line":9,"column":4},"end":{"line":9,"column":48}},"8":{"start":{"line":13,"column":0},"end":{"line":13,"column":31}},"9":{"start":{"line":16,"column":0},"end":{"line":16,"column":29}},"10":{"start":{"line":19,"column":0},"end":{"line":19,"column":39}},"11":{"start":{"line":22,"column":0},"end":{"line":22,"column":46}},"12":{"start":{"line":24,"column":0},"end":{"line":24,"column":23}}},"fnMap":{"0":{"name":"(anonymous_0)","decl":{"start":{"line":8,"column":16},"end":{"line":8,"column":17}},"loc":{"start":{"line":8,"column":30},"end":{"line":10,"column":1}},"line":8}},"branchMap":{},"s":{"0":3,"1":3,"2":3,"3":3,"4":3,"5":3,"6":3,"7":0,"8":3,"9":3,"10":3,"11":3,"12":3},"f":{"0":0},"b":{},"_coverageSchema":"1a1c01bbd47fc00a2c39e90264f33305004495a9","hash":"308e009e92f66788960607402b96cc418c6c7ae3"}
,"C:\\PHASE3\\FINAL_PROJECT\\server\\routes\\medical_record.js": {"path":"C:\\PHASE3\\FINAL_PROJECT\\server\\routes\\medical_record.js","statementMap":{"0":{"start":{"line":1,"column":16},"end":{"line":1,"column":34}},"1":{"start":{"line":2,"column":15},"end":{"line":2,"column":31}},"2":{"start":{"line":3,"column":24},"end":{"line":3,"column":65}},"3":{"start":{"line":6,"column":0},"end":{"line":6,"column":71}},"4":{"start":{"line":9,"column":0},"end":{"line":9,"column":60}},"5":{"start":{"line":11,"column":0},"end":{"line":11,"column":24}}},"fnMap":{},"branchMap":{},"s":{"0":3,"1":3,"2":3,"3":3,"4":3,"5":3},"f":{},"b":{},"_coverageSchema":"1a1c01bbd47fc00a2c39e90264f33305004495a9","hash":"da9bb84451a35d06119b611e76c8028fe7739ea6"}
,"C:\\PHASE3\\FINAL_PROJECT\\server\\routes\\patient.js": {"path":"C:\\PHASE3\\FINAL_PROJECT\\server\\routes\\patient.js","statementMap":{"0":{"start":{"line":1,"column":16},"end":{"line":1,"column":34}},"1":{"start":{"line":2,"column":15},"end":{"line":2,"column":31}},"2":{"start":{"line":3,"column":16},"end":{"line":3,"column":49}},"3":{"start":{"line":6,"column":0},"end":{"line":6,"column":42}},"4":{"start":{"line":9,"column":0},"end":{"line":9,"column":36}},"5":{"start":{"line":12,"column":0},"end":{"line":12,"column":36}},"6":{"start":{"line":15,"column":0},"end":{"line":15,"column":43}},"7":{"start":{"line":17,"column":0},"end":{"line":17,"column":23}}},"fnMap":{},"branchMap":{},"s":{"0":3,"1":3,"2":3,"3":3,"4":3,"5":3,"6":3,"7":3},"f":{},"b":{},"_coverageSchema":"1a1c01bbd47fc00a2c39e90264f33305004495a9","hash":"ad4b32121fcddeced3043addd1612b262420295f"}
}
