TN:
SF:app.js
FNF:0
FNH:0
DA:1,3
DA:2,3
DA:5,3
DA:6,3
DA:7,3
DA:8,3
DA:9,3
DA:10,3
DA:13,3
DA:16,3
DA:19,3
DA:22,3
DA:25,3
DA:27,3
LF:14
LH:14
BRDA:1,0,0,3
BRDA:1,0,1,0
BRF:2
BRH:1
end_of_record
TN:
SF:config\db_config.js
FNF:0
FNH:0
DA:1,3
DA:2,3
DA:4,3
DA:5,0
DA:9,3
DA:17,3
DA:19,3
LF:7
LH:6
BRDA:4,0,0,0
BRDA:4,0,1,3
BRF:2
BRH:1
end_of_record
TN:
SF:controllers\appointment.js
FN:5,(anonymous_0)
FN:16,(anonymous_1)
FN:37,(anonymous_2)
FN:88,(anonymous_3)
FN:110,(anonymous_4)
FNF:5
FNH:4
FNDA:1,(anonymous_0)
FNDA:2,(anonymous_1)
FNDA:0,(anonymous_2)
FNDA:4,(anonymous_3)
FNDA:4,(anonymous_4)
DA:1,3
DA:2,3
DA:6,1
DA:7,1
DA:9,1
DA:11,0
DA:12,0
DA:17,2
DA:18,2
DA:20,2
DA:22,2
DA:23,2
DA:30,0
DA:32,2
DA:33,2
DA:38,0
DA:39,0
DA:41,0
DA:43,0
DA:49,0
DA:51,0
DA:53,0
DA:67,0
DA:68,0
DA:69,0
DA:70,0
DA:72,0
DA:81,0
DA:83,0
DA:84,0
DA:89,4
DA:90,4
DA:92,4
DA:93,3
DA:100,1
DA:101,1
DA:103,1
DA:105,3
DA:106,3
DA:111,4
DA:112,4
DA:123,4
DA:124,3
DA:126,3
DA:128,1
DA:129,1
DA:136,3
LF:47
LH:29
BRDA:22,0,0,2
BRDA:22,0,1,0
BRDA:92,1,0,3
BRDA:92,1,1,1
BRDA:92,2,0,4
BRDA:92,2,1,3
BRDA:92,2,2,2
BRF:7
BRH:6
end_of_record
TN:
SF:controllers\doctor.js
FN:4,(anonymous_0)
FN:16,(anonymous_1)
FNF:2
FNH:2
FNDA:1,(anonymous_0)
FNDA:2,(anonymous_1)
DA:1,3
DA:5,1
DA:6,1
DA:8,1
DA:11,0
DA:12,0
DA:17,2
DA:18,2
DA:20,2
DA:22,2
DA:23,1
DA:26,1
DA:28,1
DA:29,1
DA:34,3
LF:15
LH:13
BRDA:22,0,0,1
BRDA:22,0,1,1
BRF:2
BRH:2
end_of_record
TN:
SF:controllers\medical_records.js
FN:4,(anonymous_0)
FN:25,(anonymous_1)
FNF:2
FNH:0
FNDA:0,(anonymous_0)
FNDA:0,(anonymous_1)
DA:1,3
DA:5,0
DA:6,0
DA:8,0
DA:10,0
DA:11,0
DA:18,0
DA:20,0
DA:21,0
DA:26,0
DA:27,0
DA:29,0
DA:30,0
DA:37,0
DA:38,0
DA:40,0
DA:42,0
DA:43,0
DA:48,3
LF:19
LH:2
BRDA:10,0,0,0
BRDA:10,0,1,0
BRDA:29,1,0,0
BRDA:29,1,1,0
BRDA:29,2,0,0
BRDA:29,2,1,0
BRDA:29,2,2,0
BRDA:29,2,3,0
BRDA:29,2,4,0
BRF:9
BRH:0
end_of_record
TN:
SF:controllers\patient.js
FN:8,(anonymous_0)
FN:41,(anonymous_1)
FN:76,(anonymous_2)
FN:88,(anonymous_3)
FNF:4
FNH:4
FNDA:12,(anonymous_0)
FNDA:5,(anonymous_1)
FNDA:1,(anonymous_2)
FNDA:2,(anonymous_3)
DA:1,3
DA:2,3
DA:3,3
DA:4,3
DA:5,3
DA:9,12
DA:10,12
DA:12,12
DA:13,10
DA:20,2
DA:22,2
DA:23,2
DA:30,0
DA:31,0
DA:33,0
DA:36,12
DA:37,12
DA:42,5
DA:43,5
DA:45,5
DA:46,2
DA:53,3
DA:55,3
DA:56,2
DA:63,1
DA:69,1
DA:71,4
DA:72,4
DA:77,1
DA:78,1
DA:80,1
DA:83,0
DA:84,0
DA:89,2
DA:90,2
DA:91,2
DA:93,1
DA:94,0
DA:97,1
DA:100,1
DA:101,1
DA:106,3
LF:42
LH:36
BRDA:12,0,0,10
BRDA:12,0,1,2
BRDA:12,1,0,12
BRDA:12,1,1,7
BRDA:12,1,2,7
BRDA:12,1,3,7
BRDA:12,1,4,6
BRDA:12,1,5,5
BRDA:12,1,6,4
BRDA:12,1,7,3
BRDA:22,2,0,2
BRDA:22,2,1,0
BRDA:45,3,0,2
BRDA:45,3,1,3
BRDA:45,4,0,5
BRDA:45,4,1,4
BRDA:55,5,0,2
BRDA:55,5,1,1
BRDA:55,6,0,3
BRDA:55,6,1,2
BRDA:93,7,0,0
BRDA:93,7,1,1
BRF:22
BRH:20
end_of_record
TN:
SF:helpers\bcrypt.js
FN:3,(anonymous_0)
FN:7,(anonymous_1)
FNF:2
FNH:2
FNDA:2,(anonymous_0)
FNDA:2,(anonymous_1)
DA:1,3
DA:3,3
DA:4,2
DA:7,3
DA:8,2
DA:11,3
LF:6
LH:6
BRF:0
BRH:0
end_of_record
TN:
SF:helpers\jwt.js
FN:4,(anonymous_0)
FN:8,(anonymous_1)
FNF:2
FNH:1
FNDA:2,(anonymous_0)
FNDA:0,(anonymous_1)
DA:1,3
DA:2,3
DA:4,3
DA:5,2
DA:8,3
DA:9,0
DA:12,3
LF:7
LH:6
BRF:0
BRH:0
end_of_record
TN:
SF:middlewares\errorHandler.js
FN:2,(anonymous_0)
FNF:1
FNH:1
FNDA:24,(anonymous_0)
DA:2,3
DA:3,24
DA:4,24
DA:5,24
DA:13,24
DA:20,3
LF:6
LH:6
BRDA:3,0,0,24
BRDA:3,0,1,2
BRDA:4,1,0,24
BRDA:4,1,1,0
BRDA:5,2,0,24
BRDA:5,2,1,0
BRF:6
BRH:4
end_of_record
TN:
SF:models\appointment.js
FN:5,(anonymous_0)
FN:9,(anonymous_1)
FN:17,(anonymous_2)
FN:28,(anonymous_3)
FN:40,(anonymous_4)
FN:44,(anonymous_5)
FNF:6
FNH:6
FNDA:10,(anonymous_0)
FNDA:2,(anonymous_1)
FNDA:1,(anonymous_2)
FNDA:4,(anonymous_3)
FNDA:1,(anonymous_4)
FNDA:2,(anonymous_5)
DA:1,3
DA:2,3
DA:6,10
DA:10,2
DA:18,1
DA:19,1
DA:20,1
DA:22,0
DA:29,4
DA:41,1
DA:45,2
DA:51,3
LF:12
LH:11
BRF:0
BRH:0
end_of_record
TN:
SF:models\doctor.js
FN:5,(anonymous_0)
FN:9,(anonymous_1)
FN:17,(anonymous_2)
FN:28,(anonymous_3)
FN:32,(anonymous_4)
FNF:5
FNH:4
FNDA:4,(anonymous_0)
FNDA:0,(anonymous_1)
FNDA:1,(anonymous_2)
FNDA:1,(anonymous_3)
FNDA:2,(anonymous_4)
DA:1,3
DA:2,3
DA:6,4
DA:12,0
DA:18,1
DA:19,1
DA:20,1
DA:22,0
DA:29,1
DA:33,2
DA:39,3
LF:11
LH:9
BRF:0
BRH:0
end_of_record
TN:
SF:models\medical_record.js
FN:6,(anonymous_0)
FN:10,(anonymous_1)
FN:16,(anonymous_2)
FNF:3
FNH:0
FNDA:0,(anonymous_0)
FNDA:0,(anonymous_1)
FNDA:0,(anonymous_2)
DA:1,3
DA:2,3
DA:3,3
DA:7,0
DA:11,0
DA:17,0
DA:23,3
LF:7
LH:4
BRF:0
BRH:0
end_of_record
TN:
SF:models\patient.js
FN:6,(anonymous_0)
FN:10,(anonymous_1)
FN:19,(anonymous_2)
FN:30,(anonymous_3)
FN:34,(anonymous_4)
FN:40,(anonymous_5)
FNF:6
FNH:6
FNDA:10,(anonymous_0)
FNDA:1,(anonymous_1)
FNDA:1,(anonymous_2)
FNDA:1,(anonymous_3)
FNDA:5,(anonymous_4)
FNDA:2,(anonymous_5)
DA:1,3
DA:2,3
DA:3,3
DA:7,10
DA:11,1
DA:13,1
DA:20,1
DA:21,1
DA:22,1
DA:24,0
DA:31,1
DA:35,5
DA:41,2
DA:47,3
LF:14
LH:13
BRF:0
BRH:0
end_of_record
TN:
SF:routes\appointment.js
FN:14,(anonymous_0)
FN:20,(anonymous_1)
FN:46,(anonymous_2)
FN:47,(anonymous_3)
FN:48,(anonymous_4)
FNF:5
FNH:0
FNDA:0,(anonymous_0)
FNDA:0,(anonymous_1)
FNDA:0,(anonymous_2)
FNDA:0,(anonymous_3)
FNDA:0,(anonymous_4)
DA:2,3
DA:3,3
DA:4,3
DA:7,3
DA:10,3
DA:12,3
DA:14,3
DA:15,0
DA:17,0
DA:20,3
DA:21,0
DA:22,0
DA:23,0
DA:24,0
DA:45,0
DA:46,0
DA:47,0
DA:49,0
DA:50,0
DA:55,3
DA:58,3
DA:60,3
LF:22
LH:11
BRF:0
BRH:0
end_of_record
TN:
SF:routes\doctor.js
FNF:0
FNH:0
DA:1,3
DA:2,3
DA:3,3
DA:6,3
DA:9,3
DA:11,3
LF:6
LH:6
BRF:0
BRH:0
end_of_record
TN:
SF:routes\index.js
FN:8,(anonymous_0)
FNF:1
FNH:0
FNDA:0,(anonymous_0)
DA:1,3
DA:2,3
DA:3,3
DA:4,3
DA:5,3
DA:6,3
DA:8,3
DA:9,0
DA:13,3
DA:16,3
DA:19,3
DA:22,3
DA:24,3
LF:13
LH:12
BRF:0
BRH:0
end_of_record
TN:
SF:routes\medical_record.js
FNF:0
FNH:0
DA:1,3
DA:2,3
DA:3,3
DA:6,3
DA:9,3
DA:11,3
LF:6
LH:6
BRF:0
BRH:0
end_of_record
TN:
SF:routes\patient.js
FNF:0
FNH:0
DA:1,3
DA:2,3
DA:3,3
DA:6,3
DA:9,3
DA:12,3
DA:15,3
DA:17,3
LF:8
LH:8
BRF:0
BRH:0
end_of_record
